<?xml version="1.0" encoding="UTF-8"?>
<!-- Generated by org.testng.reporters.JUnitXMLReporter -->
<testsuite ignored="0" hostname="WIN-2AB1O2NOUBG" failures="1" tests="7" name="Login tests" time="75.352" errors="0" timestamp="2022-09-17T03:09:46 EEST">
  <testcase classname="tests.LoginTests" name="loginPositiveTest" time="9.098"/>
  <testcase classname="tests.LoginTests" name="loginNegativeEmailTest" time="4.074"/>
  <testcase classname="tests.LoginTests" name="loginNegativeFormatEmailTest" time="13.619">
    <skipped/>
  </testcase> <!-- loginNegativeFormatEmailTest -->
  <testcase classname="tests.LoginTests" name="loginNegativeFormatEmailTest" time="13.75">
    <skipped/>
  </testcase> <!-- loginNegativeFormatEmailTest -->
  <testcase classname="tests.LoginTests" name="loginNegativeFormatEmailTest" time="13.562">
    <failure type="java.lang.AssertionError" message="No visibility element: //div[@fxlayoutalign=&amp;apos;start center&amp;apos;]//div">
      <![CDATA[java.lang.AssertionError: No visibility element: //div[@fxlayoutalign='start center']//div
at base.BasePage.waitUntilVisibilityOfElementLocated(BasePage.java:44)
at pages.LoginPageElements.errorPopup(LoginPageElements.java:34)
at pages.LoginPageHelper.assertions(LoginPageHelper.java:18)
at tests.LoginTests.loginNegativeFormatEmailTest(LoginTests.java:33)
at java.base/java.util.ArrayList.forEach(ArrayList.java:1511)
... Removed 30 stack frames]]>
    </failure>
  </testcase> <!-- loginNegativeFormatEmailTest -->
  <testcase classname="tests.LoginTests" name="loginNegativePasswordTest" time="4.814"/>
  <testcase classname="tests.LoginTests" name="loginWithoutPasswordTest" time="3.744"/>
</testsuite> <!-- Login tests -->
