<?xml version="1.0" encoding="UTF-8"?>
<testng-results retried="2" ignored="0" total="7" passed="4" failed="1" skipped="0">
  <reporter-output>
  </reporter-output>
  <suite started-at="2022-09-17T03:08:31 EEST" name="Login suit" finished-at="2022-09-17T03:09:46 EEST" duration-ms="75352">
    <groups>
    </groups>
    <test started-at="2022-09-17T03:08:31 EEST" name="Login tests" finished-at="2022-09-17T03:09:46 EEST" duration-ms="75352">
      <class name="tests.LoginTests">
        <test-method is-config="true" signature="openBrowser(java.lang.String)[pri:0, instance:tests.LoginTests@3e850122]" started-at="2022-09-17T03:08:31 EEST" name="openBrowser" finished-at="2022-09-17T03:08:37 EEST" duration-ms="6169" status="PASS">
          <params>
            <param index="0">
              <value>
                <![CDATA[chrome]]>
              </value>
            </param>
          </params>
          <reporter-output>
          </reporter-output>
        </test-method> <!-- openBrowser -->
        <test-method signature="loginPositiveTest(java.lang.String,java.lang.String)[pri:10, instance:tests.LoginTests@3e850122]" started-at="2022-09-17T03:08:38 EEST" name="loginPositiveTest" data-provider="signInInfo" finished-at="2022-09-17T03:08:47 EEST" duration-ms="9098" status="PASS">
          <params>
            <param index="0">
              <value>
                <![CDATA[test.user.thigs@gmail.com]]>
              </value>
            </param>
            <param index="1">
              <value>
                <![CDATA[CqJGdaqhDF9@guQ]]>
              </value>
            </param>
          </params>
          <reporter-output>
          </reporter-output>
        </test-method> <!-- loginPositiveTest -->
        <test-method is-config="true" signature="closeBrowser()[pri:0, instance:tests.LoginTests@3e850122]" started-at="2022-09-17T03:08:47 EEST" name="closeBrowser" finished-at="2022-09-17T03:08:47 EEST" duration-ms="129" status="PASS">
          <reporter-output>
          </reporter-output>
        </test-method> <!-- closeBrowser -->
        <test-method is-config="true" signature="openBrowser(java.lang.String)[pri:0, instance:tests.LoginTests@3e850122]" started-at="2022-09-17T03:08:47 EEST" name="openBrowser" finished-at="2022-09-17T03:08:48 EEST" duration-ms="1034" status="PASS">
          <params>
            <param index="0">
              <value>
                <![CDATA[chrome]]>
              </value>
            </param>
          </params>
          <reporter-output>
          </reporter-output>
        </test-method> <!-- openBrowser -->
        <test-method signature="loginNegativeEmailTest(java.lang.String,java.lang.String)[pri:20, instance:tests.LoginTests@3e850122]" started-at="2022-09-17T03:08:48 EEST" name="loginNegativeEmailTest" data-provider="signInInfo" finished-at="2022-09-17T03:08:52 EEST" duration-ms="4074" status="PASS">
          <params>
            <param index="0">
              <value>
                <![CDATA[test.user.thigs@gmail.com]]>
              </value>
            </param>
            <param index="1">
              <value>
                <![CDATA[CqJGdaqhDF9@guQ]]>
              </value>
            </param>
          </params>
          <reporter-output>
          </reporter-output>
        </test-method> <!-- loginNegativeEmailTest -->
        <test-method is-config="true" signature="closeBrowser()[pri:0, instance:tests.LoginTests@3e850122]" started-at="2022-09-17T03:08:52 EEST" name="closeBrowser" finished-at="2022-09-17T03:08:52 EEST" duration-ms="105" status="PASS">
          <reporter-output>
          </reporter-output>
        </test-method> <!-- closeBrowser -->
        <test-method is-config="true" signature="openBrowser(java.lang.String)[pri:0, instance:tests.LoginTests@3e850122]" started-at="2022-09-17T03:08:52 EEST" name="openBrowser" finished-at="2022-09-17T03:08:53 EEST" duration-ms="834" status="PASS">
          <params>
            <param index="0">
              <value>
                <![CDATA[chrome]]>
              </value>
            </param>
          </params>
          <reporter-output>
          </reporter-output>
        </test-method> <!-- openBrowser -->
        <test-method retried="true" signature="loginNegativeFormatEmailTest(java.lang.String,java.lang.String)[pri:20, instance:tests.LoginTests@3e850122]" started-at="2022-09-17T03:08:53 EEST" name="loginNegativeFormatEmailTest" data-provider="signInInfo" finished-at="2022-09-17T03:09:06 EEST" duration-ms="13619" status="SKIP">
          <params>
            <param index="0">
              <value>
                <![CDATA[test.user.thigs@gmail.com]]>
              </value>
            </param>
            <param index="1">
              <value>
                <![CDATA[CqJGdaqhDF9@guQ]]>
              </value>
            </param>
          </params>
          <exception class="java.lang.AssertionError">
            <message>
              <![CDATA[No visibility element: //div[@fxlayoutalign='start center']//div]]>
            </message>
            <full-stacktrace>
              <![CDATA[java.lang.AssertionError: No visibility element: //div[@fxlayoutalign='start center']//div
at org.testng.Assert.fail(Assert.java:110)
at base.BasePage.waitUntilVisibilityOfElementLocated(BasePage.java:44)
at pages.LoginPageElements.errorPopup(LoginPageElements.java:34)
at pages.LoginPageHelper.assertions(LoginPageHelper.java:18)
at tests.LoginTests.loginNegativeFormatEmailTest(LoginTests.java:33)
at java.base/jdk.internal.reflect.DirectMethodHandleAccessor.invoke(DirectMethodHandleAccessor.java:104)
at java.base/java.lang.reflect.Method.invoke(Method.java:577)
at org.testng.internal.invokers.MethodInvocationHelper.invokeMethod(MethodInvocationHelper.java:139)
at org.testng.internal.invokers.TestInvoker.invokeMethod(TestInvoker.java:677)
at org.testng.internal.invokers.TestInvoker.invokeTestMethod(TestInvoker.java:221)
at org.testng.internal.invokers.MethodRunner.runInSequence(MethodRunner.java:50)
at org.testng.internal.invokers.TestInvoker$MethodInvocationAgent.invoke(TestInvoker.java:962)
at org.testng.internal.invokers.TestInvoker.invokeTestMethods(TestInvoker.java:194)
at org.testng.internal.invokers.TestMethodWorker.invokeTestMethods(TestMethodWorker.java:148)
at org.testng.internal.invokers.TestMethodWorker.run(TestMethodWorker.java:128)
at java.base/java.util.ArrayList.forEach(ArrayList.java:1511)
at org.testng.TestRunner.privateRun(TestRunner.java:806)
at org.testng.TestRunner.run(TestRunner.java:601)
at org.testng.SuiteRunner.runTest(SuiteRunner.java:433)
at org.testng.SuiteRunner.runSequentially(SuiteRunner.java:427)
at org.testng.SuiteRunner.privateRun(SuiteRunner.java:387)
at org.testng.SuiteRunner.run(SuiteRunner.java:330)
at org.testng.SuiteRunnerWorker.runSuite(SuiteRunnerWorker.java:52)
at org.testng.SuiteRunnerWorker.run(SuiteRunnerWorker.java:95)
at org.testng.TestNG.runSuitesSequentially(TestNG.java:1256)
at org.testng.TestNG.runSuitesLocally(TestNG.java:1176)
at org.testng.TestNG.runSuites(TestNG.java:1099)
at org.testng.TestNG.run(TestNG.java:1067)
at org.apache.maven.surefire.testng.TestNGExecutor.run(TestNGExecutor.java:283)
at org.apache.maven.surefire.testng.TestNGXmlTestSuite.execute(TestNGXmlTestSuite.java:75)
at org.apache.maven.surefire.testng.TestNGProvider.invoke(TestNGProvider.java:120)
at org.apache.maven.surefire.booter.ForkedBooter.runSuitesInProcess(ForkedBooter.java:377)
at org.apache.maven.surefire.booter.ForkedBooter.execute(ForkedBooter.java:138)
at org.apache.maven.surefire.booter.ForkedBooter.run(ForkedBooter.java:465)
at org.apache.maven.surefire.booter.ForkedBooter.main(ForkedBooter.java:451)
]]>
            </full-stacktrace>
          </exception> <!-- java.lang.AssertionError -->
          <reporter-output>
          </reporter-output>
        </test-method> <!-- loginNegativeFormatEmailTest -->
        <test-method is-config="true" signature="closeBrowser()[pri:0, instance:tests.LoginTests@3e850122]" started-at="2022-09-17T03:09:06 EEST" name="closeBrowser" finished-at="2022-09-17T03:09:07 EEST" duration-ms="104" status="PASS">
          <reporter-output>
          </reporter-output>
        </test-method> <!-- closeBrowser -->
        <test-method is-config="true" signature="openBrowser(java.lang.String)[pri:0, instance:tests.LoginTests@3e850122]" started-at="2022-09-17T03:09:07 EEST" name="openBrowser" finished-at="2022-09-17T03:09:07 EEST" duration-ms="849" status="PASS">
          <params>
            <param index="0">
              <value>
                <![CDATA[chrome]]>
              </value>
            </param>
          </params>
          <reporter-output>
          </reporter-output>
        </test-method> <!-- openBrowser -->
        <test-method retried="true" signature="loginNegativeFormatEmailTest(java.lang.String,java.lang.String)[pri:20, instance:tests.LoginTests@3e850122]" started-at="2022-09-17T03:09:07 EEST" name="loginNegativeFormatEmailTest" data-provider="signInInfo" finished-at="2022-09-17T03:09:21 EEST" duration-ms="13750" status="SKIP">
          <params>
            <param index="0">
              <value>
                <![CDATA[test.user.thigs@gmail.com]]>
              </value>
            </param>
            <param index="1">
              <value>
                <![CDATA[CqJGdaqhDF9@guQ]]>
              </value>
            </param>
          </params>
          <exception class="java.lang.AssertionError">
            <message>
              <![CDATA[No visibility element: //div[@fxlayoutalign='start center']//div]]>
            </message>
            <full-stacktrace>
              <![CDATA[java.lang.AssertionError: No visibility element: //div[@fxlayoutalign='start center']//div
at org.testng.Assert.fail(Assert.java:110)
at base.BasePage.waitUntilVisibilityOfElementLocated(BasePage.java:44)
at pages.LoginPageElements.errorPopup(LoginPageElements.java:34)
at pages.LoginPageHelper.assertions(LoginPageHelper.java:18)
at tests.LoginTests.loginNegativeFormatEmailTest(LoginTests.java:33)
at java.base/jdk.internal.reflect.DirectMethodHandleAccessor.invoke(DirectMethodHandleAccessor.java:104)
at java.base/java.lang.reflect.Method.invoke(Method.java:577)
at org.testng.internal.invokers.MethodInvocationHelper.invokeMethod(MethodInvocationHelper.java:139)
at org.testng.internal.invokers.TestInvoker.invokeMethod(TestInvoker.java:677)
at org.testng.internal.invokers.TestInvoker.retryFailed(TestInvoker.java:263)
at org.testng.internal.invokers.MethodRunner.runInSequence(MethodRunner.java:62)
at org.testng.internal.invokers.TestInvoker$MethodInvocationAgent.invoke(TestInvoker.java:962)
at org.testng.internal.invokers.TestInvoker.invokeTestMethods(TestInvoker.java:194)
at org.testng.internal.invokers.TestMethodWorker.invokeTestMethods(TestMethodWorker.java:148)
at org.testng.internal.invokers.TestMethodWorker.run(TestMethodWorker.java:128)
at java.base/java.util.ArrayList.forEach(ArrayList.java:1511)
at org.testng.TestRunner.privateRun(TestRunner.java:806)
at org.testng.TestRunner.run(TestRunner.java:601)
at org.testng.SuiteRunner.runTest(SuiteRunner.java:433)
at org.testng.SuiteRunner.runSequentially(SuiteRunner.java:427)
at org.testng.SuiteRunner.privateRun(SuiteRunner.java:387)
at org.testng.SuiteRunner.run(SuiteRunner.java:330)
at org.testng.SuiteRunnerWorker.runSuite(SuiteRunnerWorker.java:52)
at org.testng.SuiteRunnerWorker.run(SuiteRunnerWorker.java:95)
at org.testng.TestNG.runSuitesSequentially(TestNG.java:1256)
at org.testng.TestNG.runSuitesLocally(TestNG.java:1176)
at org.testng.TestNG.runSuites(TestNG.java:1099)
at org.testng.TestNG.run(TestNG.java:1067)
at org.apache.maven.surefire.testng.TestNGExecutor.run(TestNGExecutor.java:283)
at org.apache.maven.surefire.testng.TestNGXmlTestSuite.execute(TestNGXmlTestSuite.java:75)
at org.apache.maven.surefire.testng.TestNGProvider.invoke(TestNGProvider.java:120)
at org.apache.maven.surefire.booter.ForkedBooter.runSuitesInProcess(ForkedBooter.java:377)
at org.apache.maven.surefire.booter.ForkedBooter.execute(ForkedBooter.java:138)
at org.apache.maven.surefire.booter.ForkedBooter.run(ForkedBooter.java:465)
at org.apache.maven.surefire.booter.ForkedBooter.main(ForkedBooter.java:451)
]]>
            </full-stacktrace>
          </exception> <!-- java.lang.AssertionError -->
          <reporter-output>
          </reporter-output>
        </test-method> <!-- loginNegativeFormatEmailTest -->
        <test-method is-config="true" signature="closeBrowser()[pri:0, instance:tests.LoginTests@3e850122]" started-at="2022-09-17T03:09:21 EEST" name="closeBrowser" finished-at="2022-09-17T03:09:21 EEST" duration-ms="104" status="PASS">
          <reporter-output>
          </reporter-output>
        </test-method> <!-- closeBrowser -->
        <test-method is-config="true" signature="openBrowser(java.lang.String)[pri:0, instance:tests.LoginTests@3e850122]" started-at="2022-09-17T03:09:21 EEST" name="openBrowser" finished-at="2022-09-17T03:09:22 EEST" duration-ms="831" status="PASS">
          <params>
            <param index="0">
              <value>
                <![CDATA[chrome]]>
              </value>
            </param>
          </params>
          <reporter-output>
          </reporter-output>
        </test-method> <!-- openBrowser -->
        <test-method signature="loginNegativeFormatEmailTest(java.lang.String,java.lang.String)[pri:20, instance:tests.LoginTests@3e850122]" started-at="2022-09-17T03:09:22 EEST" name="loginNegativeFormatEmailTest" data-provider="signInInfo" finished-at="2022-09-17T03:09:36 EEST" duration-ms="13562" status="FAIL">
          <params>
            <param index="0">
              <value>
                <![CDATA[test.user.thigs@gmail.com]]>
              </value>
            </param>
            <param index="1">
              <value>
                <![CDATA[CqJGdaqhDF9@guQ]]>
              </value>
            </param>
          </params>
          <exception class="java.lang.AssertionError">
            <message>
              <![CDATA[No visibility element: //div[@fxlayoutalign='start center']//div]]>
            </message>
            <full-stacktrace>
              <![CDATA[java.lang.AssertionError: No visibility element: //div[@fxlayoutalign='start center']//div
at org.testng.Assert.fail(Assert.java:110)
at base.BasePage.waitUntilVisibilityOfElementLocated(BasePage.java:44)
at pages.LoginPageElements.errorPopup(LoginPageElements.java:34)
at pages.LoginPageHelper.assertions(LoginPageHelper.java:18)
at tests.LoginTests.loginNegativeFormatEmailTest(LoginTests.java:33)
at java.base/jdk.internal.reflect.DirectMethodHandleAccessor.invoke(DirectMethodHandleAccessor.java:104)
at java.base/java.lang.reflect.Method.invoke(Method.java:577)
at org.testng.internal.invokers.MethodInvocationHelper.invokeMethod(MethodInvocationHelper.java:139)
at org.testng.internal.invokers.TestInvoker.invokeMethod(TestInvoker.java:677)
at org.testng.internal.invokers.TestInvoker.retryFailed(TestInvoker.java:263)
at org.testng.internal.invokers.MethodRunner.runInSequence(MethodRunner.java:62)
at org.testng.internal.invokers.TestInvoker$MethodInvocationAgent.invoke(TestInvoker.java:962)
at org.testng.internal.invokers.TestInvoker.invokeTestMethods(TestInvoker.java:194)
at org.testng.internal.invokers.TestMethodWorker.invokeTestMethods(TestMethodWorker.java:148)
at org.testng.internal.invokers.TestMethodWorker.run(TestMethodWorker.java:128)
at java.base/java.util.ArrayList.forEach(ArrayList.java:1511)
at org.testng.TestRunner.privateRun(TestRunner.java:806)
at org.testng.TestRunner.run(TestRunner.java:601)
at org.testng.SuiteRunner.runTest(SuiteRunner.java:433)
at org.testng.SuiteRunner.runSequentially(SuiteRunner.java:427)
at org.testng.SuiteRunner.privateRun(SuiteRunner.java:387)
at org.testng.SuiteRunner.run(SuiteRunner.java:330)
at org.testng.SuiteRunnerWorker.runSuite(SuiteRunnerWorker.java:52)
at org.testng.SuiteRunnerWorker.run(SuiteRunnerWorker.java:95)
at org.testng.TestNG.runSuitesSequentially(TestNG.java:1256)
at org.testng.TestNG.runSuitesLocally(TestNG.java:1176)
at org.testng.TestNG.runSuites(TestNG.java:1099)
at org.testng.TestNG.run(TestNG.java:1067)
at org.apache.maven.surefire.testng.TestNGExecutor.run(TestNGExecutor.java:283)
at org.apache.maven.surefire.testng.TestNGXmlTestSuite.execute(TestNGXmlTestSuite.java:75)
at org.apache.maven.surefire.testng.TestNGProvider.invoke(TestNGProvider.java:120)
at org.apache.maven.surefire.booter.ForkedBooter.runSuitesInProcess(ForkedBooter.java:377)
at org.apache.maven.surefire.booter.ForkedBooter.execute(ForkedBooter.java:138)
at org.apache.maven.surefire.booter.ForkedBooter.run(ForkedBooter.java:465)
at org.apache.maven.surefire.booter.ForkedBooter.main(ForkedBooter.java:451)
]]>
            </full-stacktrace>
          </exception> <!-- java.lang.AssertionError -->
          <reporter-output>
          </reporter-output>
        </test-method> <!-- loginNegativeFormatEmailTest -->
        <test-method is-config="true" signature="closeBrowser()[pri:0, instance:tests.LoginTests@3e850122]" started-at="2022-09-17T03:09:36 EEST" name="closeBrowser" finished-at="2022-09-17T03:09:36 EEST" duration-ms="109" status="PASS">
          <reporter-output>
          </reporter-output>
        </test-method> <!-- closeBrowser -->
        <test-method is-config="true" signature="openBrowser(java.lang.String)[pri:0, instance:tests.LoginTests@3e850122]" started-at="2022-09-17T03:09:36 EEST" name="openBrowser" finished-at="2022-09-17T03:09:37 EEST" duration-ms="811" status="PASS">
          <params>
            <param index="0">
              <value>
                <![CDATA[chrome]]>
              </value>
            </param>
          </params>
          <reporter-output>
          </reporter-output>
        </test-method> <!-- openBrowser -->
        <test-method signature="loginNegativePasswordTest(java.lang.String,java.lang.String)[pri:20, instance:tests.LoginTests@3e850122]" started-at="2022-09-17T03:09:37 EEST" name="loginNegativePasswordTest" data-provider="signInInfo" finished-at="2022-09-17T03:09:41 EEST" duration-ms="4814" status="PASS">
          <params>
            <param index="0">
              <value>
                <![CDATA[test.user.thigs@gmail.com]]>
              </value>
            </param>
            <param index="1">
              <value>
                <![CDATA[CqJGdaqhDF9@guQ]]>
              </value>
            </param>
          </params>
          <reporter-output>
          </reporter-output>
        </test-method> <!-- loginNegativePasswordTest -->
        <test-method is-config="true" signature="closeBrowser()[pri:0, instance:tests.LoginTests@3e850122]" started-at="2022-09-17T03:09:41 EEST" name="closeBrowser" finished-at="2022-09-17T03:09:42 EEST" duration-ms="111" status="PASS">
          <reporter-output>
          </reporter-output>
        </test-method> <!-- closeBrowser -->
        <test-method is-config="true" signature="openBrowser(java.lang.String)[pri:0, instance:tests.LoginTests@3e850122]" started-at="2022-09-17T03:09:42 EEST" name="openBrowser" finished-at="2022-09-17T03:09:42 EEST" duration-ms="847" status="PASS">
          <params>
            <param index="0">
              <value>
                <![CDATA[chrome]]>
              </value>
            </param>
          </params>
          <reporter-output>
          </reporter-output>
        </test-method> <!-- openBrowser -->
        <test-method signature="loginWithoutPasswordTest()[pri:20, instance:tests.LoginTests@3e850122]" started-at="2022-09-17T03:09:42 EEST" name="loginWithoutPasswordTest" finished-at="2022-09-17T03:09:46 EEST" duration-ms="3744" status="PASS">
          <reporter-output>
          </reporter-output>
        </test-method> <!-- loginWithoutPasswordTest -->
        <test-method is-config="true" signature="closeBrowser()[pri:0, instance:tests.LoginTests@3e850122]" started-at="2022-09-17T03:09:46 EEST" name="closeBrowser" finished-at="2022-09-17T03:09:46 EEST" duration-ms="113" status="PASS">
          <reporter-output>
          </reporter-output>
        </test-method> <!-- closeBrowser -->
      </class> <!-- tests.LoginTests -->
    </test> <!-- Login tests -->
  </suite> <!-- Login suit -->
</testng-results>
